<?xml version="1.0" encoding="UTF-8"?>
<!-- Generated by org.testng.reporters.JUnitReportReporter -->
<testsuite hostname="pc" name="content.Playlist" tests="4" failures="4" timestamp="15 Oct 2013 14:13:28 GMT" time="0.001" errors="0">
  <testcase name="AddAndDeleteTrack" time="0.000" classname="content.Playlist"/>
  <testcase name="CheckHeader" time="0.001" classname="content.Playlist"/>
  <testcase name="CheckSocialLinks" time="0.000" classname="content.Playlist"/>
  <testcase name="PlayTrack" time="0.000" classname="content.Playlist"/>
</testsuite> <!-- content.Playlist -->
