<?xml version="1.0" encoding="UTF-8"?>
<!-- Generated by org.testng.reporters.JUnitReportReporter -->
<testsuite hostname="pc" name="content.KazahMusic" tests="8" failures="1" timestamp="15 Oct 2013 14:13:28 GMT" time="21.592" errors="0">
  <testcase name="CheckHeader" time="0.001" classname="content.KazahMusic"/>
  <testcase name="Search" time="4.742" classname="content.KazahMusic"/>
  <testcase name="CheckBlocks" time="1.530" classname="content.KazahMusic"/>
  <testcase name="CheckTracks" time="1.956" classname="content.KazahMusic"/>
  <testcase name="CheckSocialLinks" time="2.118" classname="content.KazahMusic"/>
  <testcase name="CheckArtists" time="4.730" classname="content.KazahMusic"/>
  <testcase name="CheckGenres" time="5.039" classname="content.KazahMusic"/>
  <testcase name="CheckTitle" time="1.476" classname="content.KazahMusic"/>
</testsuite> <!-- content.KazahMusic -->
