<?xml version="1.0" encoding="UTF-8"?>
<!-- Generated by org.testng.reporters.JUnitReportReporter -->
<testsuite hostname="pc" name="content.Music" tests="8" failures="1" timestamp="15 Oct 2013 14:13:28 GMT" time="52.177" errors="0">
  <testcase name="checkTitles" time="2.001" classname="content.Music"/>
  <testcase name="CheckHeader" time="0.002" classname="content.Music"/>
  <testcase name="CheckTracks" time="2.288" classname="content.Music"/>
  <testcase name="CheckSocialLinks" time="34.040" classname="content.Music"/>
  <testcase name="CheckBlocks" time="1.659" classname="content.Music"/>
  <testcase name="CheckGenres" time="3.127" classname="content.Music"/>
  <testcase name="CheckArtists" time="4.675" classname="content.Music"/>
  <testcase name="Search" time="4.385" classname="content.Music"/>
</testsuite> <!-- content.Music -->
