<?xml version="1.0" encoding="UTF-8"?>
<!-- Generated by org.testng.reporters.JUnitReportReporter -->
<testsuite hostname="pc" name="content.Upload" tests="2" failures="2" timestamp="15 Oct 2013 14:13:28 GMT" time="0.000" errors="0">
  <testcase name="CheckBtn" time="0.000" classname="content.Upload"/>
  <testcase name="CheckHeader" time="0.000" classname="content.Upload"/>
</testsuite> <!-- content.Upload -->
