<?xml version="1.0" encoding="UTF-8"?>
<!-- Generated by org.testng.reporters.JUnitReportReporter -->
<testsuite hostname="pc" name="content.CheckHeaders" tests="5" failures="5" timestamp="14 Oct 2013 10:37:48 GMT" time="0.002" errors="0">
  <testcase name="newMusicHeader" time="0.000" classname="content.CheckHeaders"/>
  <testcase name="kazahHeader" time="0.000" classname="content.CheckHeaders"/>
  <testcase name="CheckHeader" time="0.000" classname="content.CheckHeaders"/>
  <testcase name="musicHeader" time="0.001" classname="content.CheckHeaders"/>
  <testcase name="uploadHeader" time="0.001" classname="content.CheckHeaders"/>
</testsuite> <!-- content.CheckHeaders -->
