<?xml version="1.0" encoding="UTF-8"?>
<!-- Generated by org.testng.reporters.JUnitReportReporter -->
<testsuite hostname="pc" name="content.NewMusic" tests="8" failures="1" timestamp="15 Oct 2013 14:13:28 GMT" time="17.445" errors="0">
  <testcase name="CheckSocialLinks" time="1.852" classname="content.NewMusic"/>
  <testcase name="CheckHeader" time="0.000" classname="content.NewMusic"/>
  <testcase name="CheckAlbums" time="3.483" classname="content.NewMusic"/>
  <testcase name="CheckArtists" time="1.823" classname="content.NewMusic"/>
  <testcase name="CheckTitle" time="2.003" classname="content.NewMusic"/>
  <testcase name="Search" time="3.568" classname="content.NewMusic"/>
  <testcase name="CheckBlocks" time="1.429" classname="content.NewMusic"/>
  <testcase name="CheckTracks" time="3.287" classname="content.NewMusic"/>
</testsuite> <!-- content.NewMusic -->
