<?xml version="1.0" encoding="UTF-8"?>
<!-- Generated by org.testng.reporters.JUnitReportReporter -->
<testsuite hostname="pc" name="content.Upload" tests="2" failures="0" timestamp="15 Oct 2013 11:11:45 GMT" time="5.208" errors="0">
  <testcase name="NewMusicHeader" time="4.306" classname="content.Upload"/>
  <testcase name="CheckBtn" time="0.902" classname="content.Upload"/>
</testsuite> <!-- content.Upload -->
