<?xml version="1.0" encoding="UTF-8"?>
<!-- Generated by org.testng.reporters.JUnitReportReporter -->
<testsuite hostname="pc" name="content.Music" tests="7" failures="0" timestamp="15 Oct 2013 11:11:45 GMT" time="23.699" errors="0">
  <testcase name="CheckBlocks" time="1.390" classname="content.Music"/>
  <testcase name="PlayMusic" time="7.473" classname="content.Music"/>
  <testcase name="SocialLinks" time="2.153" classname="content.Music"/>
  <testcase name="CheckHeader" time="4.489" classname="content.Music"/>
  <testcase name="CheckArtists" time="2.544" classname="content.Music"/>
  <testcase name="CheckGenres" time="3.616" classname="content.Music"/>
  <testcase name="CheckTitles" time="2.034" classname="content.Music"/>
</testsuite> <!-- content.Music -->
