<?xml version="1.0" encoding="UTF-8"?>
<!-- Generated by org.testng.reporters.JUnitReportReporter -->
<testsuite hostname="pc" name="user.LoginTest" tests="1" failures="0" timestamp="15 Oct 2013 11:11:45 GMT" time="18.743" errors="0">
  <testcase name="LogIn" time="18.743" classname="user.LoginTest"/>
</testsuite> <!-- user.LoginTest -->
