<?xml version="1.0" encoding="UTF-8"?>
<!-- Generated by org.testng.reporters.JUnitReportReporter -->
<testsuite hostname="pc" name="content.CheckHeaders" tests="1" failures="0" timestamp="14 Oct 2013 12:04:29 GMT" time="10.644" errors="0">
  <testcase name="CheckHeader" time="10.644" classname="content.CheckHeaders"/>
</testsuite> <!-- content.CheckHeaders -->
