<?xml version="1.0" encoding="UTF-8"?>
<!-- Generated by org.testng.reporters.JUnitReportReporter -->
<testsuite hostname="pc" name="content.NewMusic" tests="6" failures="0" timestamp="15 Oct 2013 11:11:45 GMT" time="16.446" errors="0">
  <testcase name="CheckAlbums" time="4.312" classname="content.NewMusic"/>
  <testcase name="CheckTitle" time="1.668" classname="content.NewMusic"/>
  <testcase name="SocialLinks" time="2.363" classname="content.NewMusic"/>
  <testcase name="NewMusicHeader" time="4.068" classname="content.NewMusic"/>
  <testcase name="CheckArtists" time="1.750" classname="content.NewMusic"/>
  <testcase name="CheckBlocks" time="2.285" classname="content.NewMusic"/>
</testsuite> <!-- content.NewMusic -->
