<?xml version="1.0" encoding="UTF-8"?>
<!-- Generated by org.testng.reporters.JUnitReportReporter -->
<testsuite hostname="pc" name="content.AzerMusic" tests="6" failures="0" timestamp="15 Oct 2013 11:11:44 GMT" time="16.436" errors="0">
  <testcase name="SocialLinks" time="2.280" classname="content.AzerMusic"/>
  <testcase name="CheckTitles" time="1.522" classname="content.AzerMusic"/>
  <testcase name="CheckArtists" time="2.660" classname="content.AzerMusic"/>
  <testcase name="CheckHeader" time="4.601" classname="content.AzerMusic"/>
  <testcase name="CheckGenres" time="3.786" classname="content.AzerMusic"/>
  <testcase name="CheckBlocks" time="1.587" classname="content.AzerMusic"/>
</testsuite> <!-- content.AzerMusic -->
